app/build/intermediates/manifest_merge_blame_file/debug/processDebugMainManifest/manifest-merger-blame-debug-report.txt
1<?xml version="1.0" encoding="utf-8"?>
2<manifest xmlns:android="http://schemas.android.com/apk/res/android"
3    package="com.example.favoriteplaces"
4    android:versionCode="1"
5    android:versionName="1.0" >
6
7    <uses-sdk
8        android:minSdkVersion="24"
9        android:targetSdkVersion="34" />
10
11    <!-- ───── Permissions ───────────────────────────────────────────────────── -->
12
13
14    <!-- Location -->
15    <uses-permission android:name="android.permission.ACCESS_FINE_LOCATION" />
15-->src\main\AndroidManifest.xml:10:5-79
15-->src\main\AndroidManifest.xml:10:22-76
16    <uses-permission android:name="android.permission.ACCESS_COARSE_LOCATION" />
16-->src\main\AndroidManifest.xml:11:5-81
16-->src\main\AndroidManifest.xml:11:22-78
17
18    <!-- Gallery / Storage (API < 33) -->
19    <uses-permission
19-->src\main\AndroidManifest.xml:14:5-15:38
20        android:name="android.permission.READ_EXTERNAL_STORAGE"
20-->src\main\AndroidManifest.xml:14:22-77
21        android:maxSdkVersion="32" />
21-->src\main\AndroidManifest.xml:15:9-35
22
23    <!-- Gallery (API 33+) -->
24    <uses-permission android:name="android.permission.READ_MEDIA_IMAGES" />
24-->src\main\AndroidManifest.xml:18:5-76
24-->src\main\AndroidManifest.xml:18:22-73
25
26    <!-- Internet (required for Google Maps tiles) -->
27    <uses-permission android:name="android.permission.INTERNET" />
27-->src\main\AndroidManifest.xml:21:5-67
27-->src\main\AndroidManifest.xml:21:22-64
28    <uses-permission android:name="android.permission.ACCESS_NETWORK_STATE" />
28-->src\main\AndroidManifest.xml:22:5-79
28-->src\main\AndroidManifest.xml:22:22-76
29
30    <!-- ───── Features ──────────────────────────────────────────────────────── -->
31    <uses-feature
31-->src\main\AndroidManifest.xml:25:5-27:36
32        android:name="android.hardware.location.gps"
32-->src\main\AndroidManifest.xml:26:9-53
33        android:required="false" />
33-->src\main\AndroidManifest.xml:27:9-33
34    <uses-feature
34-->[com.google.android.gms:play-services-maps:19.0.0] AndroidManifest.xml:26:5-28:35
35        android:glEsVersion="0x00020000"
35-->[com.google.android.gms:play-services-maps:19.0.0] AndroidManifest.xml:27:9-41
36        android:required="true" />
36-->[com.google.android.gms:play-services-maps:19.0.0] AndroidManifest.xml:28:9-32
37
38    <queries>
38-->[com.google.android.gms:play-services-maps:19.0.0] AndroidManifest.xml:30:5-34:15
39
40        <!-- Needs to be explicitly declared on Android R+ -->
41        <package android:name="com.google.android.apps.maps" />
41-->[com.google.android.gms:play-services-maps:19.0.0] AndroidManifest.xml:33:9-64
41-->[com.google.android.gms:play-services-maps:19.0.0] AndroidManifest.xml:33:18-61
42    </queries>
43
44    <permission
44-->[androidx.core:core:1.13.1] AndroidManifest.xml:22:5-24:47
45        android:name="com.example.favoriteplaces.DYNAMIC_RECEIVER_NOT_EXPORTED_PERMISSION"
45-->[androidx.core:core:1.13.1] AndroidManifest.xml:23:9-81
46        android:protectionLevel="signature" />
46-->[androidx.core:core:1.13.1] AndroidManifest.xml:24:9-44
47
48    <uses-permission android:name="com.example.favoriteplaces.DYNAMIC_RECEIVER_NOT_EXPORTED_PERMISSION" />
48-->[androidx.core:core:1.13.1] AndroidManifest.xml:26:5-97
48-->[androidx.core:core:1.13.1] AndroidManifest.xml:26:22-94
49
50    <application
50-->src\main\AndroidManifest.xml:29:5-70:19
51        android:allowBackup="true"
51-->src\main\AndroidManifest.xml:30:9-35
52        android:appComponentFactory="androidx.core.app.CoreComponentFactory"
52-->[androidx.core:core:1.13.1] AndroidManifest.xml:28:18-86
53        android:debuggable="true"
54        android:extractNativeLibs="false"
55        android:icon="@drawable/ic_launcher"
55-->src\main\AndroidManifest.xml:31:9-45
56        android:label="@string/app_name"
56-->src\main\AndroidManifest.xml:32:9-41
57        android:roundIcon="@drawable/ic_launcher_round"
57-->src\main\AndroidManifest.xml:33:9-56
58        android:supportsRtl="true"
58-->src\main\AndroidManifest.xml:34:9-35
59        android:testOnly="true"
60        android:theme="@style/AppTheme" >
60-->src\main\AndroidManifest.xml:35:9-40
61        <meta-data
61-->src\main\AndroidManifest.xml:39:9-41:71
62            android:name="com.google.android.geo.API_KEY"
62-->src\main\AndroidManifest.xml:40:13-58
63            android:value="AIzaSyAaPRlM7N14_TOuMjovmc0Am1M-CJGunPQ" />
63-->src\main\AndroidManifest.xml:41:13-68
64        <!-- ───── Activities ─────────────────────────────────────── -->
65
66        <activity
66-->src\main\AndroidManifest.xml:44:9-52:20
67            android:name="com.example.favoriteplaces.activities.MainActivity"
67-->src\main\AndroidManifest.xml:45:13-52
68            android:exported="true"
68-->src\main\AndroidManifest.xml:46:13-36
69            android:label="@string/app_name" >
69-->src\main\AndroidManifest.xml:47:13-45
70            <intent-filter>
70-->src\main\AndroidManifest.xml:48:13-51:29
71                <action android:name="android.intent.action.MAIN" />
71-->src\main\AndroidManifest.xml:49:17-69
71-->src\main\AndroidManifest.xml:49:25-66
72
73                <category android:name="android.intent.category.LAUNCHER" />
73-->src\main\AndroidManifest.xml:50:17-77
73-->src\main\AndroidManifest.xml:50:27-74
74            </intent-filter>
75        </activity>
76        <activity
76-->src\main\AndroidManifest.xml:54:9-58:58
77            android:name="com.example.favoriteplaces.activities.AddPlaceActivity"
77-->src\main\AndroidManifest.xml:55:13-56
78            android:exported="false"
78-->src\main\AndroidManifest.xml:56:13-37
79            android:label="@string/title_add_place"
79-->src\main\AndroidManifest.xml:57:13-52
80            android:windowSoftInputMode="adjustResize" />
80-->src\main\AndroidManifest.xml:58:13-55
81        <activity
81-->src\main\AndroidManifest.xml:60:9-63:56
82            android:name="com.example.favoriteplaces.activities.MapPickerActivity"
82-->src\main\AndroidManifest.xml:61:13-57
83            android:exported="false"
83-->src\main\AndroidManifest.xml:62:13-37
84            android:label="@string/title_map_picker" />
84-->src\main\AndroidManifest.xml:63:13-53
85        <activity
85-->src\main\AndroidManifest.xml:65:9-68:58
86            android:name="com.example.favoriteplaces.activities.PlaceDetailActivity"
86-->src\main\AndroidManifest.xml:66:13-59
87            android:exported="false"
87-->src\main\AndroidManifest.xml:67:13-37
88            android:label="@string/title_place_detail" />
88-->src\main\AndroidManifest.xml:68:13-55
89
90        <!-- Needs to be explicitly declared on P+ -->
91        <uses-library
91-->[com.google.android.gms:play-services-maps:19.0.0] AndroidManifest.xml:39:9-41:40
92            android:name="org.apache.http.legacy"
92-->[com.google.android.gms:play-services-maps:19.0.0] AndroidManifest.xml:40:13-50
93            android:required="false" />
93-->[com.google.android.gms:play-services-maps:19.0.0] AndroidManifest.xml:41:13-37
94
95        <activity
95-->[com.google.android.gms:play-services-base:18.5.0] AndroidManifest.xml:5:9-173
96            android:name="com.google.android.gms.common.api.GoogleApiActivity"
96-->[com.google.android.gms:play-services-base:18.5.0] AndroidManifest.xml:5:19-85
97            android:exported="false"
97-->[com.google.android.gms:play-services-base:18.5.0] AndroidManifest.xml:5:146-170
98            android:theme="@android:style/Theme.Translucent.NoTitleBar" />
98-->[com.google.android.gms:play-services-base:18.5.0] AndroidManifest.xml:5:86-145
99
100        <meta-data
100-->[com.google.android.gms:play-services-basement:18.4.0] AndroidManifest.xml:6:9-122
101            android:name="com.google.android.gms.version"
101-->[com.google.android.gms:play-services-basement:18.4.0] AndroidManifest.xml:6:20-65
102            android:value="@integer/google_play_services_version" />
102-->[com.google.android.gms:play-services-basement:18.4.0] AndroidManifest.xml:6:66-119
103
104        <provider
104-->[androidx.emoji2:emoji2:1.3.0] AndroidManifest.xml:24:9-32:20
105            android:name="androidx.startup.InitializationProvider"
105-->[androidx.emoji2:emoji2:1.3.0] AndroidManifest.xml:25:13-67
106            android:authorities="com.example.favoriteplaces.androidx-startup"
106-->[androidx.emoji2:emoji2:1.3.0] AndroidManifest.xml:26:13-68
107            android:exported="false" >
107-->[androidx.emoji2:emoji2:1.3.0] AndroidManifest.xml:27:13-37
108            <meta-data
108-->[androidx.emoji2:emoji2:1.3.0] AndroidManifest.xml:29:13-31:52
109                android:name="androidx.emoji2.text.EmojiCompatInitializer"
109-->[androidx.emoji2:emoji2:1.3.0] AndroidManifest.xml:30:17-75
110                android:value="androidx.startup" />
110-->[androidx.emoji2:emoji2:1.3.0] AndroidManifest.xml:31:17-49
111            <meta-data
111-->[androidx.lifecycle:lifecycle-process:2.6.2] AndroidManifest.xml:29:13-31:52
112                android:name="androidx.lifecycle.ProcessLifecycleInitializer"
112-->[androidx.lifecycle:lifecycle-process:2.6.2] AndroidManifest.xml:30:17-78
113                android:value="androidx.startup" />
113-->[androidx.lifecycle:lifecycle-process:2.6.2] AndroidManifest.xml:31:17-49
114            <meta-data
114-->[androidx.profileinstaller:profileinstaller:1.3.1] AndroidManifest.xml:29:13-31:52
115                android:name="androidx.profileinstaller.ProfileInstallerInitializer"
115-->[androidx.profileinstaller:profileinstaller:1.3.1] AndroidManifest.xml:30:17-85
116                android:value="androidx.startup" />
116-->[androidx.profileinstaller:profileinstaller:1.3.1] AndroidManifest.xml:31:17-49
117        </provider>
118
119        <receiver
119-->[androidx.profileinstaller:profileinstaller:1.3.1] AndroidManifest.xml:34:9-52:20
120            android:name="androidx.profileinstaller.ProfileInstallReceiver"
120-->[androidx.profileinstaller:profileinstaller:1.3.1] AndroidManifest.xml:35:13-76
121            android:directBootAware="false"
121-->[androidx.profileinstaller:profileinstaller:1.3.1] AndroidManifest.xml:36:13-44
122            android:enabled="true"
122-->[androidx.profileinstaller:profileinstaller:1.3.1] AndroidManifest.xml:37:13-35
123            android:exported="true"
123-->[androidx.profileinstaller:profileinstaller:1.3.1] AndroidManifest.xml:38:13-36
124            android:permission="android.permission.DUMP" >
124-->[androidx.profileinstaller:profileinstaller:1.3.1] AndroidManifest.xml:39:13-57
125            <intent-filter>
125-->[androidx.profileinstaller:profileinstaller:1.3.1] AndroidManifest.xml:40:13-42:29
126                <action android:name="androidx.profileinstaller.action.INSTALL_PROFILE" />
126-->[androidx.profileinstaller:profileinstaller:1.3.1] AndroidManifest.xml:41:17-91
126-->[androidx.profileinstaller:profileinstaller:1.3.1] AndroidManifest.xml:41:25-88
127            </intent-filter>
128            <intent-filter>
128-->[androidx.profileinstaller:profileinstaller:1.3.1] AndroidManifest.xml:43:13-45:29
129                <action android:name="androidx.profileinstaller.action.SKIP_FILE" />
129-->[androidx.profileinstaller:profileinstaller:1.3.1] AndroidManifest.xml:44:17-85
129-->[androidx.profileinstaller:profileinstaller:1.3.1] AndroidManifest.xml:44:25-82
130            </intent-filter>
131            <intent-filter>
131-->[androidx.profileinstaller:profileinstaller:1.3.1] AndroidManifest.xml:46:13-48:29
132                <action android:name="androidx.profileinstaller.action.SAVE_PROFILE" />
132-->[androidx.profileinstaller:profileinstaller:1.3.1] AndroidManifest.xml:47:17-88
132-->[androidx.profileinstaller:profileinstaller:1.3.1] AndroidManifest.xml:47:25-85
133            </intent-filter>
134            <intent-filter>
134-->[androidx.profileinstaller:profileinstaller:1.3.1] AndroidManifest.xml:49:13-51:29
135                <action android:name="androidx.profileinstaller.action.BENCHMARK_OPERATION" />
135-->[androidx.profileinstaller:profileinstaller:1.3.1] AndroidManifest.xml:50:17-95
135-->[androidx.profileinstaller:profileinstaller:1.3.1] AndroidManifest.xml:50:25-92
136            </intent-filter>
137        </receiver>
138    </application>
139
140</manifest>